[debug] [2023-07-04T10:18:13.207Z] ----------------------------------------------------------------------
[debug] [2023-07-04T10:18:13.230Z] Command:       C:\Program Files\nodejs\node.exe C:\Users\Dua CTR\AppData\Roaming\npm\node_modules\firebase-tools\lib\bin\firebase.js init
[debug] [2023-07-04T10:18:13.231Z] CLI Version:   12.4.2
[debug] [2023-07-04T10:18:13.232Z] Platform:      win32
[debug] [2023-07-04T10:18:13.232Z] Node Version:  v19.4.0
[debug] [2023-07-04T10:18:13.233Z] Time:          Tue Jul 04 2023 03:18:13 GMT-0700 (Pacific Daylight Time)
[debug] [2023-07-04T10:18:13.233Z] ----------------------------------------------------------------------
[debug] 
[debug] [2023-07-04T10:18:13.252Z] > command requires scopes: ["email","openid","https://www.googleapis.com/auth/cloudplatformprojects.readonly","https://www.googleapis.com/auth/firebase","https://www.googleapis.com/auth/cloud-platform"]
[debug] [2023-07-04T10:18:13.254Z] > authorizing via signed-in user (doaabadri13@gmail.com)
[info] 
     ######## #### ########  ######## ########     ###     ######  ########
     ##        ##  ##     ## ##       ##     ##  ##   ##  ##       ##
     ######    ##  ########  ######   ########  #########  ######  ######
     ##        ##  ##    ##  ##       ##     ## ##     ##       ## ##
     ##       #### ##     ## ######## ########  ##     ##  ######  ########

You're about to initialize a Firebase project in this directory:

  C:\Users\Dua CTR\Documents\doaa\angular\ims

[info] 
=== Project Setup
[info] 
[info] First, let's associate this project directory with a Firebase project.
[info] You can create multiple project aliases by running firebase use --add, 
[info] but for now we'll just set up a default project.
[info] 
[debug] [2023-07-04T10:18:24.456Z] >>> [apiv2][query] GET https://firebase.googleapis.com/v1beta1/projects pageSize=100
[debug] [2023-07-04T10:18:26.926Z] <<< [apiv2][status] GET https://firebase.googleapis.com/v1beta1/projects 200
[debug] [2023-07-04T10:18:26.926Z] <<< [apiv2][body] GET https://firebase.googleapis.com/v1beta1/projects [omitted]
[info] i  Using project ims-d4e10 (Inventory Management) 
[info] 
=== Hosting Setup
[info] 
[info] Your public directory is the folder (relative to your project directory) that
[info] will contain Hosting assets to be uploaded with firebase deploy. If you
[info] have a build process for your assets, use your build's output directory.
[info] 
